<?xml version="1.0" encoding="UTF-8"?>
<!-- Generated by org.testng.reporters.JUnitReportReporter -->
<testsuite skipped="0" hostname="DESKTOP-JAHKTIJ" name="HttpMethods.Tests_GET" tests="1" failures="0" timestamp="04 May 2021 09:55:06 GMT" time="6.146" errors="0">
  <testcase name="test_1" time="6.146" classname="HttpMethods.Tests_GET"/>
</testsuite> <!-- HttpMethods.Tests_GET -->
