<?xml version="1.0" encoding="UTF-8"?>
<!-- Generated by org.testng.reporters.JUnitReportReporter -->
<testsuite skipped="0" hostname="DESKTOP-JAHKTIJ" name="HttpMethods.Tests_DELETE" tests="1" failures="0" timestamp="04 May 2021 12:39:24 GMT" time="6.873" errors="0">
  <testcase name="test_4_delete" time="6.873" classname="HttpMethods.Tests_DELETE"/>
</testsuite> <!-- HttpMethods.Tests_DELETE -->
