<?xml version="1.0" encoding="UTF-8"?>
<!-- Generated by org.testng.reporters.JUnitReportReporter -->
<testsuite skipped="0" hostname="DESKTOP-JAHKTIJ" name="HttpMethods.Tests_PUT" tests="1" failures="0" timestamp="04 May 2021 12:15:52 GMT" time="5.593" errors="0">
  <testcase name="test_2_put" time="5.593" classname="HttpMethods.Tests_PUT"/>
</testsuite> <!-- HttpMethods.Tests_PUT -->
