<?xml version="1.0" encoding="UTF-8"?>
<!-- Generated by org.testng.reporters.JUnitReportReporter -->
<testsuite skipped="0" hostname="DESKTOP-JAHKTIJ" name="HttpMethods.Tests_POST" tests="1" failures="0" timestamp="04 May 2021 11:27:27 GMT" time="5.284" errors="0">
  <testcase name="test_1_post" time="5.284" classname="HttpMethods.Tests_POST"/>
</testsuite> <!-- HttpMethods.Tests_POST -->
