<?xml version="1.0" encoding="UTF-8"?>
<!-- Generated by org.testng.reporters.JUnitReportReporter -->
<testsuite skipped="0" hostname="DESKTOP-JAHKTIJ" name="HttpMethods.Tests_PATCH" tests="1" failures="0" timestamp="04 May 2021 12:24:54 GMT" time="5.916" errors="0">
  <testcase name="test_3_patch" time="5.916" classname="HttpMethods.Tests_PATCH"/>
</testsuite> <!-- HttpMethods.Tests_PATCH -->
